<?xml version="1.0" encoding="UTF-8"?>
<testsuite name="no.hvl.stud.springbootDemo.PollManagerTest" tests="4" skipped="0" failures="0" errors="0" timestamp="2024-09-09T07:18:42" hostname="penguin-B" time="0.619">
  <properties/>
  <testcase name="testAddVoteToPoll()" classname="no.hvl.stud.springbootDemo.PollManagerTest" time="0.603"/>
  <testcase name="testDeletePoll()" classname="no.hvl.stud.springbootDemo.PollManagerTest" time="0.006"/>
  <testcase name="testCreateNewPoll()" classname="no.hvl.stud.springbootDemo.PollManagerTest" time="0.005"/>
  <testcase name="testCreateNewUser()" classname="no.hvl.stud.springbootDemo.PollManagerTest" time="0.003"/>
  <system-out><![CDATA[09:18:41.275 [Test worker] INFO org.springframework.test.context.support.AnnotationConfigContextLoaderUtils -- Could not detect default configuration classes for test class [no.hvl.stud.springbootDemo.PollManagerTest]: PollManagerTest does not declare any static, non-private, non-final, nested classes annotated with @Configuration.
09:18:41.335 [Test worker] INFO org.springframework.boot.test.context.SpringBootTestContextBootstrapper -- Found @SpringBootConfiguration no.hvl.stud.springbootDemo.SpringbootDemoApplication for test class no.hvl.stud.springbootDemo.PollManagerTest

  .   ____          _            __ _ _
 /\\ / ___'_ __ _ _(_)_ __  __ _ \ \ \ \
( ( )\___ | '_ | '_| | '_ \/ _` | \ \ \ \
 \\/  ___)| |_)| | | | | || (_| |  ) ) ) )
  '  |____| .__|_| |_|_| |_\__, | / / / /
 =========|_|==============|___/=/_/_/_/

 :: Spring Boot ::                (v3.3.3)

2024-09-09T09:18:41.577+02:00  INFO 65907 --- [springbootDemo] [    Test worker] n.h.stud.springbootDemo.PollManagerTest  : Starting PollManagerTest using Java 22.0.1-ga with PID 65907 (started by tesdap in /home/tesdap/projects/uni/DAT250/oblig/assignment2/DAT250---Assignment-2)
2024-09-09T09:18:41.578+02:00  INFO 65907 --- [springbootDemo] [    Test worker] n.h.stud.springbootDemo.PollManagerTest  : No active profile set, falling back to 1 default profile: "default"
2024-09-09T09:18:42.382+02:00  INFO 65907 --- [springbootDemo] [    Test worker] o.s.b.t.m.w.SpringBootMockServletContext : Initializing Spring TestDispatcherServlet ''
2024-09-09T09:18:42.383+02:00  INFO 65907 --- [springbootDemo] [    Test worker] o.s.t.web.servlet.TestDispatcherServlet  : Initializing Servlet ''
2024-09-09T09:18:42.385+02:00  INFO 65907 --- [springbootDemo] [    Test worker] o.s.t.web.servlet.TestDispatcherServlet  : Completed initialization in 1 ms
2024-09-09T09:18:42.416+02:00  INFO 65907 --- [springbootDemo] [    Test worker] n.h.stud.springbootDemo.PollManagerTest  : Started PollManagerTest in 1.013 seconds (process running for 1.602)
Add user: tester,tester@example.com
Get user testerusers {tester=User{username='tester', email='tester@example.com'}}
Get user testerusers {tester=User{username='tester', email='tester@example.com'}}
Poll created: no.hvl.stud.springbootDemo.domains.PollApp$Poll@5aa6da2 by user: tester
Get user testerusers {tester=User{username='tester', email='tester@example.com'}}
Get user testerusers {tester=User{username='tester', email='tester@example.com'}}
Add user: tester,tester@example.com
Get user testerusers {tester=User{username='tester', email='tester@example.com'}}
Get user testerusers {tester=User{username='tester', email='tester@example.com'}}
Poll created: no.hvl.stud.springbootDemo.domains.PollApp$Poll@38d42ab7 by user: tester
Add user: tester,tester@example.com
Get user testerusers {tester=User{username='tester', email='tester@example.com'}}
Get user testerusers {tester=User{username='tester', email='tester@example.com'}}
Poll created: no.hvl.stud.springbootDemo.domains.PollApp$Poll@6ace919c by user: tester
Add user: tester,tester@example.com
Get user testerusers {tester=User{username='tester', email='tester@example.com'}}
]]></system-out>
  <system-err><![CDATA[WARNING: A Java agent has been loaded dynamically (/home/tesdap/.gradle/caches/modules-2/files-2.1/net.bytebuddy/byte-buddy-agent/1.14.19/154da3a65b4f4a909d3e5bdec55d1b2b4cbb6ce1/byte-buddy-agent-1.14.19.jar)
WARNING: If a serviceability tool is in use, please run with -XX:+EnableDynamicAgentLoading to hide this warning
WARNING: If a serviceability tool is not in use, please run with -Djdk.instrument.traceUsage for more information
WARNING: Dynamic loading of agents will be disallowed by default in a future release
]]></system-err>
</testsuite>
