<?xml version="1.0" encoding="UTF-8"?>
<testsuite name="no.hvl.stud.springbootDemo.SpringbootDemoApplicationTests" tests="1" skipped="0" failures="0" errors="0" timestamp="2024-09-01T13:08:59" hostname="penguin-B" time="0.52">
  <properties/>
  <testcase name="contextLoads()" classname="no.hvl.stud.springbootDemo.SpringbootDemoApplicationTests" time="0.52"/>
  <system-out><![CDATA[15:08:58.895 [Test worker] INFO org.springframework.test.context.support.AnnotationConfigContextLoaderUtils -- Could not detect default configuration classes for test class [no.hvl.stud.springbootDemo.SpringbootDemoApplicationTests]: SpringbootDemoApplicationTests does not declare any static, non-private, non-final, nested classes annotated with @Configuration.
15:08:58.943 [Test worker] INFO org.springframework.boot.test.context.SpringBootTestContextBootstrapper -- Found @SpringBootConfiguration no.hvl.stud.springbootDemo.SpringbootDemoApplication for test class no.hvl.stud.springbootDemo.SpringbootDemoApplicationTests

  .   ____          _            __ _ _
 /\\ / ___'_ __ _ _(_)_ __  __ _ \ \ \ \
( ( )\___ | '_ | '_| | '_ \/ _` | \ \ \ \
 \\/  ___)| |_)| | | | | || (_| |  ) ) ) )
  '  |____| .__|_| |_|_| |_\__, | / / / /
 =========|_|==============|___/=/_/_/_/

 :: Spring Boot ::                (v3.3.3)

2024-09-01T15:08:59.179+02:00  INFO 41864 --- [springbootDemo] [    Test worker] n.h.s.s.SpringbootDemoApplicationTests   : Starting SpringbootDemoApplicationTests using Java 22.0.1-ga with PID 41864 (started by tesdap in /home/tesdap/projects/uni/DAT250/oblig/assignment1/springbootDemo)
2024-09-01T15:08:59.179+02:00  INFO 41864 --- [springbootDemo] [    Test worker] n.h.s.s.SpringbootDemoApplicationTests   : No active profile set, falling back to 1 default profile: "default"
2024-09-01T15:08:59.795+02:00  INFO 41864 --- [springbootDemo] [    Test worker] n.h.s.s.SpringbootDemoApplicationTests   : Started SpringbootDemoApplicationTests in 0.779 seconds (process running for 1.37)
]]></system-out>
  <system-err><![CDATA[WARNING: A Java agent has been loaded dynamically (/home/tesdap/.gradle/caches/modules-2/files-2.1/net.bytebuddy/byte-buddy-agent/1.14.19/154da3a65b4f4a909d3e5bdec55d1b2b4cbb6ce1/byte-buddy-agent-1.14.19.jar)
WARNING: If a serviceability tool is in use, please run with -XX:+EnableDynamicAgentLoading to hide this warning
WARNING: If a serviceability tool is not in use, please run with -Djdk.instrument.traceUsage for more information
WARNING: Dynamic loading of agents will be disallowed by default in a future release
]]></system-err>
</testsuite>
